<?xml version="1.0" encoding="UTF-8"?>
<!-- Generated by org.testng.reporters.JUnitReportReporter -->
<testsuite hostname="Nagarajshetty" failures="0" tests="5" name="Practice.Booking$BookTicketsTest" time="0.102" errors="0" timestamp="2023-01-23T20:57:33 IST" skipped="0">
  <testcase classname="Practice.Booking$BookTicketsTest" name="bookTicket" time="0.019"/>
  <system-out/>
  <testcase classname="Practice.Booking$BookTicketsTest" name="bookTicket" time="0.009"/>
  <system-out/>
  <testcase classname="Practice.Booking$BookTicketsTest" name="bookTicket" time="0.040"/>
  <system-out/>
  <testcase classname="Practice.Booking$BookTicketsTest" name="bookTicket" time="0.013"/>
  <system-out/>
  <testcase classname="Practice.Booking$BookTicketsTest" name="bookTicket" time="0.021"/>
  <system-out/>
</testsuite> <!-- Practice.Booking$BookTicketsTest -->
